16:14:37.712 [main] INFO  this.getClass() - Starting TC_001_AccountRegistration
16:14:43.732 [main] INFO  this.getClass() - Clicked on My Account 
16:14:44.818 [main] INFO  this.getClass() - Clicked on Register 
16:14:44.818 [main] INFO  this.getClass() - Provided Customer details
16:14:44.929 [main] INFO  this.getClass() - Provided First Name 
16:14:45.005 [main] INFO  this.getClass() - Provided Last Name 
16:14:45.094 [main] INFO  this.getClass() - Provided Email 
16:14:45.186 [main] INFO  this.getClass() - Provided Telephone 
16:14:45.279 [main] INFO  this.getClass() - Provided Password 
16:14:45.374 [main] INFO  this.getClass() - Provided Confrmed Password 
16:14:45.449 [main] INFO  this.getClass() - Set Privacy Policy 
16:14:48.960 [main] INFO  this.getClass() - Clicked on Continue 
16:14:49.008 [main] INFO  this.getClass() - Account Registration Success 
16:14:49.013 [main] FATAL this.getClass() -  Finished TC_001_AccountRegistration 
16:16:58.429 [main] INFO  testCases.TC_001_AccountRegistration - Starting TC_001_AccountRegistration
16:17:00.016 [main] INFO  testCases.TC_001_AccountRegistration - Clicked on My Account 
16:17:00.903 [main] INFO  testCases.TC_001_AccountRegistration - Clicked on Register 
16:17:00.903 [main] INFO  testCases.TC_001_AccountRegistration - Provided Customer details
16:17:01.032 [main] INFO  testCases.TC_001_AccountRegistration - Provided First Name 
16:17:01.122 [main] INFO  testCases.TC_001_AccountRegistration - Provided Last Name 
16:17:01.222 [main] INFO  testCases.TC_001_AccountRegistration - Provided Email 
16:17:01.334 [main] INFO  testCases.TC_001_AccountRegistration - Provided Telephone 
16:17:01.453 [main] INFO  testCases.TC_001_AccountRegistration - Provided Password 
16:17:01.568 [main] INFO  testCases.TC_001_AccountRegistration - Provided Confirmed Password 
16:17:01.660 [main] INFO  testCases.TC_001_AccountRegistration - Set Privacy Policy 
16:17:04.712 [main] INFO  testCases.TC_001_AccountRegistration - Clicked on Continue 
16:17:04.766 [main] INFO  testCases.TC_001_AccountRegistration - Account Registration Success 
16:17:04.770 [main] FATAL testCases.TC_001_AccountRegistration -  Finished TC_001_AccountRegistration 
16:21:07.725 [main] INFO  testCases.TC_001_AccountRegistration - Starting TC_001_AccountRegistration
16:21:09.264 [main] INFO  testCases.TC_001_AccountRegistration - Clicked on My Account 
16:21:10.118 [main] INFO  testCases.TC_001_AccountRegistration - Clicked on Register 
16:21:10.119 [main] INFO  testCases.TC_001_AccountRegistration - Provided Customer details
16:21:10.248 [main] INFO  testCases.TC_001_AccountRegistration - Provided First Name 
16:21:10.342 [main] INFO  testCases.TC_001_AccountRegistration - Provided Last Name 
16:21:10.441 [main] INFO  testCases.TC_001_AccountRegistration - Provided Email 
16:21:10.574 [main] INFO  testCases.TC_001_AccountRegistration - Provided Telephone 
16:21:10.691 [main] INFO  testCases.TC_001_AccountRegistration - Provided Password 
16:21:10.785 [main] INFO  testCases.TC_001_AccountRegistration - Provided Confirmed Password 
16:21:10.874 [main] INFO  testCases.TC_001_AccountRegistration - Set Privacy Policy 
16:21:10.988 [main] INFO  testCases.TC_001_AccountRegistration - Clicked on Continue 
16:21:19.536 [main] ERROR testCases.TC_001_AccountRegistration - Account Registration Failed 
18:30:39.689 [main] INFO  testCases.TC_001_AccountRegistration - Starting TC_001_AccountRegistration
18:30:41.930 [main] INFO  testCases.TC_001_AccountRegistration - Clicked on My Account 
18:30:42.289 [main] INFO  testCases.TC_001_AccountRegistration - Clicked on Register 
18:30:42.289 [main] INFO  testCases.TC_001_AccountRegistration - Provided Customer details
18:30:42.338 [main] INFO  testCases.TC_001_AccountRegistration - Provided First Name 
18:30:42.374 [main] INFO  testCases.TC_001_AccountRegistration - Provided Last Name 
18:30:42.411 [main] INFO  testCases.TC_001_AccountRegistration - Provided Email 
18:30:42.452 [main] INFO  testCases.TC_001_AccountRegistration - Provided Telephone 
18:30:42.486 [main] INFO  testCases.TC_001_AccountRegistration - Provided Password 
18:30:42.520 [main] INFO  testCases.TC_001_AccountRegistration - Provided Confirmed Password 
18:30:42.549 [main] INFO  testCases.TC_001_AccountRegistration - Set Privacy Policy 
18:30:45.136 [main] INFO  testCases.TC_001_AccountRegistration - Clicked on Continue 
18:30:45.156 [main] INFO  testCases.TC_001_AccountRegistration - Account Registration Success 
18:30:45.157 [main] FATAL testCases.TC_001_AccountRegistration -  Finished TC_001_AccountRegistration 
18:41:34.783 [main] INFO  testCases.TC_001_AccountRegistration - Starting TC_001_AccountRegistration
18:41:35.473 [main] INFO  testCases.TC_001_AccountRegistration - Clicked on My Account 
18:41:35.762 [main] INFO  testCases.TC_001_AccountRegistration - Clicked on Register 
18:41:35.762 [main] INFO  testCases.TC_001_AccountRegistration - Provided Customer details
18:41:35.808 [main] INFO  testCases.TC_001_AccountRegistration - Provided First Name 
18:41:35.842 [main] INFO  testCases.TC_001_AccountRegistration - Provided Last Name 
18:41:35.879 [main] INFO  testCases.TC_001_AccountRegistration - Provided Email 
18:41:35.912 [main] INFO  testCases.TC_001_AccountRegistration - Provided Telephone 
18:41:35.948 [main] INFO  testCases.TC_001_AccountRegistration - Provided Password 
18:41:35.981 [main] INFO  testCases.TC_001_AccountRegistration - Provided Confirmed Password 
18:41:36.012 [main] INFO  testCases.TC_001_AccountRegistration - Set Privacy Policy 
18:41:38.470 [main] INFO  testCases.TC_001_AccountRegistration - Clicked on Continue 
18:41:38.492 [main] INFO  testCases.TC_001_AccountRegistration - Account Registration Success 
18:41:38.493 [main] FATAL testCases.TC_001_AccountRegistration -  Finished TC_001_AccountRegistration 
18:42:00.886 [main] INFO  testCases.TC_001_AccountRegistration - Starting TC_001_AccountRegistration
18:42:01.600 [main] INFO  testCases.TC_001_AccountRegistration - Clicked on My Account 
18:42:01.865 [main] INFO  testCases.TC_001_AccountRegistration - Clicked on Register 
18:42:01.865 [main] INFO  testCases.TC_001_AccountRegistration - Provided Customer details
18:42:01.908 [main] INFO  testCases.TC_001_AccountRegistration - Provided First Name 
18:42:01.943 [main] INFO  testCases.TC_001_AccountRegistration - Provided Last Name 
18:42:01.982 [main] INFO  testCases.TC_001_AccountRegistration - Provided Email 
18:42:02.016 [main] INFO  testCases.TC_001_AccountRegistration - Provided Telephone 
18:42:02.053 [main] INFO  testCases.TC_001_AccountRegistration - Provided Password 
18:42:02.086 [main] INFO  testCases.TC_001_AccountRegistration - Provided Confirmed Password 
18:42:02.117 [main] INFO  testCases.TC_001_AccountRegistration - Set Privacy Policy 
18:42:04.513 [main] INFO  testCases.TC_001_AccountRegistration - Clicked on Continue 
18:42:04.532 [main] INFO  testCases.TC_001_AccountRegistration - Account Registration Success 
18:42:04.534 [main] FATAL testCases.TC_001_AccountRegistration -  Finished TC_001_AccountRegistration 
18:47:56.206 [TestNG-tests-1] INFO  testCases.TC_001_AccountRegistration - Starting TC_001_AccountRegistration
18:47:56.940 [TestNG-tests-1] INFO  testCases.TC_001_AccountRegistration - Clicked on My Account 
18:47:57.188 [TestNG-tests-1] INFO  testCases.TC_001_AccountRegistration - Clicked on Register 
18:47:57.188 [TestNG-tests-1] INFO  testCases.TC_001_AccountRegistration - Provided Customer details
18:47:57.235 [TestNG-tests-1] INFO  testCases.TC_001_AccountRegistration - Provided First Name 
18:47:57.268 [TestNG-tests-1] INFO  testCases.TC_001_AccountRegistration - Provided Last Name 
18:47:57.305 [TestNG-tests-1] INFO  testCases.TC_001_AccountRegistration - Provided Email 
18:47:57.339 [TestNG-tests-1] INFO  testCases.TC_001_AccountRegistration - Provided Telephone 
18:47:57.378 [TestNG-tests-1] INFO  testCases.TC_001_AccountRegistration - Provided Password 
18:47:57.414 [TestNG-tests-1] INFO  testCases.TC_001_AccountRegistration - Provided Confirmed Password 
18:47:57.445 [TestNG-tests-1] INFO  testCases.TC_001_AccountRegistration - Set Privacy Policy 
18:47:57.930 [TestNG-tests-2] INFO  testCases.TC_001_AccountRegistration - Starting TC_001_AccountRegistration
18:47:58.625 [TestNG-tests-2] INFO  testCases.TC_001_AccountRegistration - Clicked on My Account 
18:47:58.847 [TestNG-tests-2] INFO  testCases.TC_001_AccountRegistration - Clicked on Register 
18:47:58.847 [TestNG-tests-2] INFO  testCases.TC_001_AccountRegistration - Provided Customer details
18:47:58.888 [TestNG-tests-2] INFO  testCases.TC_001_AccountRegistration - Provided First Name 
18:47:58.922 [TestNG-tests-2] INFO  testCases.TC_001_AccountRegistration - Provided Last Name 
18:47:58.961 [TestNG-tests-2] INFO  testCases.TC_001_AccountRegistration - Provided Email 
18:47:58.995 [TestNG-tests-2] INFO  testCases.TC_001_AccountRegistration - Provided Telephone 
18:47:59.032 [TestNG-tests-2] INFO  testCases.TC_001_AccountRegistration - Provided Password 
18:47:59.068 [TestNG-tests-2] INFO  testCases.TC_001_AccountRegistration - Provided Confirmed Password 
18:47:59.098 [TestNG-tests-2] INFO  testCases.TC_001_AccountRegistration - Set Privacy Policy 
18:47:59.745 [TestNG-tests-1] INFO  testCases.TC_001_AccountRegistration - Clicked on Continue 
18:47:59.768 [TestNG-tests-1] INFO  testCases.TC_001_AccountRegistration - Account Registration Success 
18:47:59.769 [TestNG-tests-1] FATAL testCases.TC_001_AccountRegistration -  Finished TC_001_AccountRegistration 
18:48:01.509 [TestNG-tests-2] INFO  testCases.TC_001_AccountRegistration - Clicked on Continue 
18:48:01.533 [TestNG-tests-2] INFO  testCases.TC_001_AccountRegistration - Account Registration Success 
18:48:01.533 [TestNG-tests-2] FATAL testCases.TC_001_AccountRegistration -  Finished TC_001_AccountRegistration 
20:01:54.942 [main] INFO  testCases.TC_001_AccountRegistration - Starting TC_001_AccountRegistration
20:01:57.116 [main] INFO  testCases.TC_001_AccountRegistration - Clicked on My Account 
20:01:57.910 [main] INFO  testCases.TC_001_AccountRegistration - Clicked on Register 
20:01:57.911 [main] INFO  testCases.TC_001_AccountRegistration - Provided Customer details
20:01:58.020 [main] INFO  testCases.TC_001_AccountRegistration - Provided First Name 
20:01:58.123 [main] INFO  testCases.TC_001_AccountRegistration - Provided Last Name 
20:01:58.228 [main] INFO  testCases.TC_001_AccountRegistration - Provided Email 
20:03:13.591 [main] INFO  testCases.TC_001_AccountRegistration - Starting TC_001_AccountRegistration
20:03:21.009 [main] INFO  testCases.TC_001_AccountRegistration - Clicked on My Account 
20:03:21.943 [main] INFO  testCases.TC_001_AccountRegistration - Clicked on Register 
20:03:21.944 [main] INFO  testCases.TC_001_AccountRegistration - Provided Customer details
20:03:22.084 [main] INFO  testCases.TC_001_AccountRegistration - Provided First Name 
20:03:22.199 [main] INFO  testCases.TC_001_AccountRegistration - Provided Last Name 
20:03:22.317 [main] INFO  testCases.TC_001_AccountRegistration - Provided Email 
20:04:38.356 [main] INFO  testCases.TC_001_AccountRegistration - Starting TC_001_AccountRegistration
20:04:39.428 [main] INFO  testCases.TC_001_AccountRegistration - Clicked on My Account 
20:04:40.113 [main] INFO  testCases.TC_001_AccountRegistration - Clicked on Register 
20:04:40.114 [main] INFO  testCases.TC_001_AccountRegistration - Provided Customer details
20:04:40.221 [main] INFO  testCases.TC_001_AccountRegistration - Provided First Name 
20:04:40.328 [main] INFO  testCases.TC_001_AccountRegistration - Provided Last Name 
20:04:40.445 [main] INFO  testCases.TC_001_AccountRegistration - Provided Email 
20:06:09.849 [main] INFO  testCases.TC_001_AccountRegistration - Starting TC_001_AccountRegistration
20:06:10.891 [main] INFO  testCases.TC_001_AccountRegistration - Clicked on My Account 
20:06:11.312 [main] INFO  testCases.TC_001_AccountRegistration - Clicked on Register 
20:06:11.312 [main] INFO  testCases.TC_001_AccountRegistration - Provided Customer details
20:06:11.410 [main] INFO  testCases.TC_001_AccountRegistration - Provided First Name 
20:06:11.502 [main] INFO  testCases.TC_001_AccountRegistration - Provided Last Name 
20:06:11.614 [main] INFO  testCases.TC_001_AccountRegistration - Provided Email 
20:14:14.339 [main] INFO  testCases.TC_001_AccountRegistration - Starting TC_001_AccountRegistration
20:14:15.150 [main] INFO  testCases.TC_001_AccountRegistration - Clicked on My Account 
20:14:15.560 [main] INFO  testCases.TC_001_AccountRegistration - Clicked on Register 
20:14:15.560 [main] INFO  testCases.TC_001_AccountRegistration - Provided Customer details
20:14:15.683 [main] INFO  testCases.TC_001_AccountRegistration - Provided First Name 
20:14:15.794 [main] INFO  testCases.TC_001_AccountRegistration - Provided Last Name 
20:14:15.934 [main] INFO  testCases.TC_001_AccountRegistration - Provided Email 
20:16:11.022 [main] INFO  testCases.TC_001_AccountRegistration - Starting TC_001_AccountRegistration
20:16:11.997 [main] INFO  testCases.TC_001_AccountRegistration - Clicked on My Account 
20:16:12.425 [main] INFO  testCases.TC_001_AccountRegistration - Clicked on Register 
20:16:12.425 [main] INFO  testCases.TC_001_AccountRegistration - Provided Customer details
20:16:12.530 [main] INFO  testCases.TC_001_AccountRegistration - Provided First Name 
20:16:12.628 [main] INFO  testCases.TC_001_AccountRegistration - Provided Last Name 
20:16:12.733 [main] INFO  testCases.TC_001_AccountRegistration - Provided Email 
20:20:14.392 [main] INFO  testCases.TC_001_AccountRegistration - Starting TC_001_AccountRegistration
20:20:15.452 [main] INFO  testCases.TC_001_AccountRegistration - Clicked on My Account 
20:20:15.883 [main] INFO  testCases.TC_001_AccountRegistration - Clicked on Register 
20:20:15.883 [main] INFO  testCases.TC_001_AccountRegistration - Provided Customer details
20:20:16.025 [main] INFO  testCases.TC_001_AccountRegistration - Provided First Name 
20:20:16.143 [main] INFO  testCases.TC_001_AccountRegistration - Provided Last Name 
20:20:16.256 [main] INFO  testCases.TC_001_AccountRegistration - Provided Email 
20:24:30.219 [main] INFO  testCases.TC_001_AccountRegistration - Starting TC_001_AccountRegistration
20:24:31.056 [main] INFO  testCases.TC_001_AccountRegistration - Clicked on My Account 
20:24:31.447 [main] INFO  testCases.TC_001_AccountRegistration - Clicked on Register 
20:24:31.447 [main] INFO  testCases.TC_001_AccountRegistration - Provided Customer details
20:24:31.537 [main] INFO  testCases.TC_001_AccountRegistration - Provided First Name 
20:24:31.618 [main] INFO  testCases.TC_001_AccountRegistration - Provided Last Name 
20:24:31.709 [main] INFO  testCases.TC_001_AccountRegistration - Provided Email 
20:28:23.053 [main] INFO  testCases.TC_001_AccountRegistration - Starting TC_001_AccountRegistration
20:28:24.092 [main] INFO  testCases.TC_001_AccountRegistration - Clicked on My Account 
20:28:24.553 [main] INFO  testCases.TC_001_AccountRegistration - Clicked on Register 
20:28:24.553 [main] INFO  testCases.TC_001_AccountRegistration - Provided Customer details
20:28:24.655 [main] INFO  testCases.TC_001_AccountRegistration - Provided First Name 
20:28:24.766 [main] INFO  testCases.TC_001_AccountRegistration - Provided Last Name 
20:28:24.891 [main] INFO  testCases.TC_001_AccountRegistration - Provided Email 
20:31:14.369 [main] INFO  testCases.TC_001_AccountRegistration - Starting TC_001_AccountRegistration
20:31:15.734 [main] INFO  testCases.TC_001_AccountRegistration - Clicked on My Account 
20:31:16.617 [main] INFO  testCases.TC_001_AccountRegistration - Clicked on Register 
20:31:16.618 [main] INFO  testCases.TC_001_AccountRegistration - Provided Customer details
20:31:16.744 [main] INFO  testCases.TC_001_AccountRegistration - Provided First Name 
20:31:16.832 [main] INFO  testCases.TC_001_AccountRegistration - Provided Last Name 
20:31:16.921 [main] INFO  testCases.TC_001_AccountRegistration - Provided Email 
20:31:17.027 [main] INFO  testCases.TC_001_AccountRegistration - Provided Telephone 
20:31:17.136 [main] INFO  testCases.TC_001_AccountRegistration - Provided Password 
20:31:17.237 [main] INFO  testCases.TC_001_AccountRegistration - Provided Confirmed Password 
20:31:17.315 [main] INFO  testCases.TC_001_AccountRegistration - Set Privacy Policy 
20:31:20.408 [main] INFO  testCases.TC_001_AccountRegistration - Clicked on Continue 
20:31:20.458 [main] INFO  testCases.TC_001_AccountRegistration - Account Registration Success 
20:31:20.465 [main] FATAL testCases.TC_001_AccountRegistration -  Finished TC_001_AccountRegistration 
21:26:07.244 [main] INFO  testCases.TC_001_AccountRegistration - Starting TC_001_AccountRegistration
21:26:08.765 [main] INFO  testCases.TC_001_AccountRegistration - Clicked on My Account 
21:26:09.626 [main] INFO  testCases.TC_001_AccountRegistration - Clicked on Register 
21:26:09.626 [main] INFO  testCases.TC_001_AccountRegistration - Provided Customer details
21:26:09.775 [main] INFO  testCases.TC_001_AccountRegistration - Provided First Name 
21:26:09.863 [main] INFO  testCases.TC_001_AccountRegistration - Provided Last Name 
21:26:09.965 [main] INFO  testCases.TC_001_AccountRegistration - Provided Email 
21:26:10.086 [main] INFO  testCases.TC_001_AccountRegistration - Provided Telephone 
21:26:10.221 [main] INFO  testCases.TC_001_AccountRegistration - Provided Password 
21:26:10.326 [main] INFO  testCases.TC_001_AccountRegistration - Provided Confirmed Password 
21:26:10.424 [main] INFO  testCases.TC_001_AccountRegistration - Set Privacy Policy 
21:26:13.457 [main] INFO  testCases.TC_001_AccountRegistration - Clicked on Continue 
21:26:13.516 [main] INFO  testCases.TC_001_AccountRegistration - Account Registration Success 
21:26:13.521 [main] FATAL testCases.TC_001_AccountRegistration -  Finished TC_001_AccountRegistration 
21:28:51.887 [main] INFO  testCases.TC_001_AccountRegistration - Starting TC_001_AccountRegistration
21:28:53.451 [main] INFO  testCases.TC_001_AccountRegistration - Clicked on My Account 
21:28:54.290 [main] INFO  testCases.TC_001_AccountRegistration - Clicked on Register 
21:28:54.290 [main] INFO  testCases.TC_001_AccountRegistration - Provided Customer details
21:28:54.450 [main] INFO  testCases.TC_001_AccountRegistration - Provided First Name 
21:28:54.547 [main] INFO  testCases.TC_001_AccountRegistration - Provided Last Name 
21:28:54.641 [main] INFO  testCases.TC_001_AccountRegistration - Provided Email 
21:28:54.775 [main] INFO  testCases.TC_001_AccountRegistration - Provided Telephone 
21:28:54.906 [main] INFO  testCases.TC_001_AccountRegistration - Provided Password 
21:28:55.015 [main] INFO  testCases.TC_001_AccountRegistration - Provided Confirmed Password 
21:28:55.097 [main] INFO  testCases.TC_001_AccountRegistration - Set Privacy Policy 
21:28:55.223 [main] INFO  testCases.TC_001_AccountRegistration - Clicked on Continue 
21:29:02.229 [main] ERROR testCases.TC_001_AccountRegistration - Account Registration Failed 
21:36:32.378 [main] INFO  testCases.TC_001_AccountRegistration - Starting TC_001_AccountRegistration
21:36:34.035 [main] INFO  testCases.TC_001_AccountRegistration - Clicked on My Account 
21:36:34.863 [main] INFO  testCases.TC_001_AccountRegistration - Clicked on Register 
21:36:34.864 [main] INFO  testCases.TC_001_AccountRegistration - Provided Customer details
21:36:35.044 [main] INFO  testCases.TC_001_AccountRegistration - Provided First Name 
21:36:35.140 [main] INFO  testCases.TC_001_AccountRegistration - Provided Last Name 
21:36:35.237 [main] INFO  testCases.TC_001_AccountRegistration - Provided Email 
21:36:35.371 [main] INFO  testCases.TC_001_AccountRegistration - Provided Telephone 
21:36:35.501 [main] INFO  testCases.TC_001_AccountRegistration - Provided Password 
21:36:35.631 [main] INFO  testCases.TC_001_AccountRegistration - Provided Confirmed Password 
21:36:35.732 [main] INFO  testCases.TC_001_AccountRegistration - Set Privacy Policy 
21:36:35.827 [main] INFO  testCases.TC_001_AccountRegistration - Clicked on Continue 
21:36:40.123 [main] ERROR testCases.TC_001_AccountRegistration - Account Registration Failed 
21:36:40.145 [main] FATAL testCases.TC_001_AccountRegistration -  Account Registration Failed 
21:41:14.493 [main] INFO  testCases.TC_001_AccountRegistration - Starting TC_001_AccountRegistration
21:41:16.083 [main] INFO  testCases.TC_001_AccountRegistration - Clicked on My Account 
21:41:16.927 [main] INFO  testCases.TC_001_AccountRegistration - Clicked on Register 
21:41:16.927 [main] INFO  testCases.TC_001_AccountRegistration - Provided Customer details
21:41:17.043 [main] INFO  testCases.TC_001_AccountRegistration - Provided First Name 
21:41:17.146 [main] INFO  testCases.TC_001_AccountRegistration - Provided Last Name 
21:41:17.244 [main] INFO  testCases.TC_001_AccountRegistration - Provided Email 
21:41:17.351 [main] INFO  testCases.TC_001_AccountRegistration - Provided Telephone 
21:41:17.474 [main] INFO  testCases.TC_001_AccountRegistration - Provided Password 
21:41:17.564 [main] INFO  testCases.TC_001_AccountRegistration - Provided Confirmed Password 
21:41:17.665 [main] INFO  testCases.TC_001_AccountRegistration - Set Privacy Policy 
21:41:17.778 [main] INFO  testCases.TC_001_AccountRegistration - Clicked on Continue 
21:41:27.873 [main] ERROR testCases.TC_001_AccountRegistration - Account Registration Failed 
21:50:25.815 [main] INFO  testCases.TC_001_AccountRegistration - Starting TC_001_AccountRegistration
21:50:27.407 [main] INFO  testCases.TC_001_AccountRegistration - Clicked on My Account 
21:50:28.202 [main] INFO  testCases.TC_001_AccountRegistration - Clicked on Register 
21:50:28.202 [main] INFO  testCases.TC_001_AccountRegistration - Provided Customer details
21:50:28.346 [main] INFO  testCases.TC_001_AccountRegistration - Provided First Name 
21:50:28.444 [main] INFO  testCases.TC_001_AccountRegistration - Provided Last Name 
21:50:28.513 [main] INFO  testCases.TC_001_AccountRegistration - Provided Email 
21:50:28.600 [main] INFO  testCases.TC_001_AccountRegistration - Provided Telephone 
21:50:28.708 [main] INFO  testCases.TC_001_AccountRegistration - Provided Password 
21:50:28.826 [main] INFO  testCases.TC_001_AccountRegistration - Provided Confirmed Password 
21:50:28.905 [main] INFO  testCases.TC_001_AccountRegistration - Set Privacy Policy 
21:50:29.019 [main] INFO  testCases.TC_001_AccountRegistration - Clicked on Continue 
21:50:39.095 [main] ERROR testCases.TC_001_AccountRegistration - Account Registration Failed 
16:40:42.047 [main] INFO  testCases.TC_001_AccountRegistration - Starting TC_001_AccountRegistration
16:40:43.819 [main] INFO  testCases.TC_001_AccountRegistration - Clicked on My Account 
16:40:44.754 [main] INFO  testCases.TC_001_AccountRegistration - Clicked on Register 
16:40:44.755 [main] INFO  testCases.TC_001_AccountRegistration - Provided Customer details
16:40:44.904 [main] INFO  testCases.TC_001_AccountRegistration - Provided First Name 
16:40:44.992 [main] INFO  testCases.TC_001_AccountRegistration - Provided Last Name 
16:40:45.079 [main] INFO  testCases.TC_001_AccountRegistration - Provided Email 
16:40:45.196 [main] INFO  testCases.TC_001_AccountRegistration - Provided Telephone 
16:40:45.314 [main] INFO  testCases.TC_001_AccountRegistration - Provided Password 
16:40:45.431 [main] INFO  testCases.TC_001_AccountRegistration - Provided Confirmed Password 
16:40:45.527 [main] INFO  testCases.TC_001_AccountRegistration - Set Privacy Policy 
16:40:45.654 [main] INFO  testCases.TC_001_AccountRegistration - Clicked on Continue 
16:40:55.726 [main] ERROR testCases.TC_001_AccountRegistration - Account Registration Failed 
16:40:57.369 [main] INFO  testCases.TC_002_Login - Starting TC_002_Login
16:40:58.356 [main] INFO  testCases.TC_002_Login - Home Page Displayed 
16:40:58.698 [main] INFO  testCases.TC_002_Login - Clicked on My Account 
16:40:59.354 [main] INFO  testCases.TC_002_Login - Clicked on Login 
16:40:59.435 [main] INFO  testCases.TC_002_Login - Provided Email 
16:40:59.494 [main] INFO  testCases.TC_002_Login - Provided Password 
16:41:00.436 [main] INFO  testCases.TC_002_Login - Clicked on Login
16:41:00.478 [main] INFO  testCases.TC_002_Login - Login Success 
16:41:00.479 [main] INFO  testCases.TC_002_Login -  Finished TC_002_Login 
18:02:18.360 [main] INFO  testCases.TC_001_AccountRegistration - Starting TC_001_AccountRegistration
18:02:19.077 [main] INFO  testCases.TC_001_AccountRegistration - Clicked on My Account 
18:02:19.338 [main] INFO  testCases.TC_001_AccountRegistration - Clicked on Register 
18:02:19.338 [main] INFO  testCases.TC_001_AccountRegistration - Provided Customer details
18:02:19.382 [main] INFO  testCases.TC_001_AccountRegistration - Provided First Name 
18:02:19.419 [main] INFO  testCases.TC_001_AccountRegistration - Provided Last Name 
18:02:19.452 [main] INFO  testCases.TC_001_AccountRegistration - Provided Email 
18:02:19.486 [main] INFO  testCases.TC_001_AccountRegistration - Provided Telephone 
18:02:19.521 [main] INFO  testCases.TC_001_AccountRegistration - Provided Password 
18:02:19.555 [main] INFO  testCases.TC_001_AccountRegistration - Provided Confirmed Password 
18:02:19.584 [main] INFO  testCases.TC_001_AccountRegistration - Set Privacy Policy 
18:02:19.625 [main] INFO  testCases.TC_001_AccountRegistration - Clicked on Continue 
18:02:29.652 [main] ERROR testCases.TC_001_AccountRegistration - Account Registration Failed 
18:02:30.595 [main] INFO  testCases.TC_002_Login - Starting TC_002_Login
18:02:31.044 [main] INFO  testCases.TC_002_Login - Home Page Displayed 
18:02:31.252 [main] INFO  testCases.TC_002_Login - Clicked on My Account 
18:02:31.430 [main] INFO  testCases.TC_002_Login - Clicked on Login 
18:02:31.474 [main] INFO  testCases.TC_002_Login - Provided Email 
18:02:31.508 [main] INFO  testCases.TC_002_Login - Provided Password 
18:02:31.782 [main] INFO  testCases.TC_002_Login - Clicked on Login
18:02:31.807 [main] INFO  testCases.TC_002_Login - Login Success 
18:02:31.807 [main] INFO  testCases.TC_002_Login -  Finished TC_002_Login 
18:02:33.141 [main] INFO  testCases.TC_003_LoginDDT -  Starting TC_003_LoginDDT 
18:02:33.553 [main] INFO  testCases.TC_003_LoginDDT - Home Page Displayed 
18:02:33.704 [main] INFO  testCases.TC_003_LoginDDT - Clicked on My Account 
18:02:33.916 [main] INFO  testCases.TC_003_LoginDDT - Clicked on Login 
18:02:33.957 [main] INFO  testCases.TC_003_LoginDDT - Provided Email 
18:02:33.993 [main] INFO  testCases.TC_003_LoginDDT - Provided Password 
18:02:34.261 [main] INFO  testCases.TC_003_LoginDDT - Clicked on Login
18:02:34.282 [main] INFO  testCases.TC_003_LoginDDT - Login Success 
18:02:34.514 [main] INFO  testCases.TC_003_LoginDDT -  Finished TC_003_LoginDDT 
18:02:34.516 [main] INFO  testCases.TC_003_LoginDDT -  Starting TC_003_LoginDDT 
18:02:34.793 [main] INFO  testCases.TC_003_LoginDDT - Home Page Displayed 
18:02:34.824 [main] INFO  testCases.TC_003_LoginDDT - Clicked on My Account 
18:02:35.008 [main] INFO  testCases.TC_003_LoginDDT - Clicked on Login 
18:02:35.049 [main] INFO  testCases.TC_003_LoginDDT - Provided Email 
18:02:35.079 [main] INFO  testCases.TC_003_LoginDDT - Provided Password 
18:02:35.327 [main] INFO  testCases.TC_003_LoginDDT - Clicked on Login
18:02:45.343 [main] ERROR testCases.TC_003_LoginDDT - Login Failed 
18:02:45.344 [main] INFO  testCases.TC_003_LoginDDT -  Finished TC_003_LoginDDT 
18:02:45.345 [main] INFO  testCases.TC_003_LoginDDT -  Starting TC_003_LoginDDT 
18:02:45.636 [main] INFO  testCases.TC_003_LoginDDT - Home Page Displayed 
18:02:45.671 [main] INFO  testCases.TC_003_LoginDDT - Clicked on My Account 
18:02:45.931 [main] INFO  testCases.TC_003_LoginDDT - Clicked on Login 
18:02:45.973 [main] INFO  testCases.TC_003_LoginDDT - Provided Email 
18:02:46.005 [main] INFO  testCases.TC_003_LoginDDT - Provided Password 
18:02:46.234 [main] INFO  testCases.TC_003_LoginDDT - Clicked on Login
18:02:56.260 [main] ERROR testCases.TC_003_LoginDDT - Login Failed 
18:02:56.260 [main] INFO  testCases.TC_003_LoginDDT -  Finished TC_003_LoginDDT 
18:02:56.261 [main] INFO  testCases.TC_003_LoginDDT -  Starting TC_003_LoginDDT 
18:02:56.480 [main] INFO  testCases.TC_003_LoginDDT - Home Page Displayed 
18:02:56.514 [main] INFO  testCases.TC_003_LoginDDT - Clicked on My Account 
18:02:56.702 [main] INFO  testCases.TC_003_LoginDDT - Clicked on Login 
18:02:56.745 [main] INFO  testCases.TC_003_LoginDDT - Provided Email 
18:02:56.775 [main] INFO  testCases.TC_003_LoginDDT - Provided Password 
18:02:57.010 [main] INFO  testCases.TC_003_LoginDDT - Clicked on Login
18:03:07.066 [main] ERROR testCases.TC_003_LoginDDT - Login Failed 
18:03:07.066 [main] INFO  testCases.TC_003_LoginDDT -  Finished TC_003_LoginDDT 
18:39:31.144 [main] INFO  testCases.TC_001_AccountRegistration - Starting TC_001_AccountRegistration
18:39:31.780 [main] INFO  testCases.TC_001_AccountRegistration - Clicked on My Account 
18:39:31.990 [main] INFO  testCases.TC_001_AccountRegistration - Clicked on Register 
18:39:31.991 [main] INFO  testCases.TC_001_AccountRegistration - Provided Customer details
18:39:32.036 [main] INFO  testCases.TC_001_AccountRegistration - Provided First Name 
18:39:32.073 [main] INFO  testCases.TC_001_AccountRegistration - Provided Last Name 
18:39:32.105 [main] INFO  testCases.TC_001_AccountRegistration - Provided Email 
18:39:32.142 [main] INFO  testCases.TC_001_AccountRegistration - Provided Telephone 
18:39:32.175 [main] INFO  testCases.TC_001_AccountRegistration - Provided Password 
18:39:32.207 [main] INFO  testCases.TC_001_AccountRegistration - Provided Confirmed Password 
18:39:32.237 [main] INFO  testCases.TC_001_AccountRegistration - Set Privacy Policy 
18:39:32.272 [main] INFO  testCases.TC_001_AccountRegistration - Clicked on Continue 
18:39:42.335 [main] ERROR testCases.TC_001_AccountRegistration - Account Registration Failed 
18:39:43.289 [main] INFO  testCases.TC_002_Login - Starting TC_002_Login
18:39:43.705 [main] INFO  testCases.TC_002_Login - Home Page Displayed 
18:39:43.917 [main] INFO  testCases.TC_002_Login - Clicked on My Account 
18:39:44.142 [main] INFO  testCases.TC_002_Login - Clicked on Login 
18:39:44.191 [main] INFO  testCases.TC_002_Login - Provided Email 
18:39:44.224 [main] INFO  testCases.TC_002_Login - Provided Password 
18:39:44.466 [main] INFO  testCases.TC_002_Login - Clicked on Login
18:39:44.495 [main] INFO  testCases.TC_002_Login - Login Success 
18:39:44.495 [main] INFO  testCases.TC_002_Login -  Finished TC_002_Login 
18:39:45.860 [main] INFO  testCases.TC_003_LoginDDT -  Starting TC_003_LoginDDT 
18:39:46.254 [main] INFO  testCases.TC_003_LoginDDT - Home Page Displayed 
18:39:46.410 [main] INFO  testCases.TC_003_LoginDDT - Clicked on My Account 
18:39:46.610 [main] INFO  testCases.TC_003_LoginDDT - Clicked on Login 
18:39:46.654 [main] INFO  testCases.TC_003_LoginDDT - Provided Email 
18:39:46.688 [main] INFO  testCases.TC_003_LoginDDT - Provided Password 
18:39:46.997 [main] INFO  testCases.TC_003_LoginDDT - Clicked on Login
18:39:47.024 [main] INFO  testCases.TC_003_LoginDDT - Login Success 
18:39:47.302 [main] INFO  testCases.TC_003_LoginDDT -  Finished TC_003_LoginDDT 
18:39:47.305 [main] INFO  testCases.TC_003_LoginDDT -  Starting TC_003_LoginDDT 
18:39:47.571 [main] INFO  testCases.TC_003_LoginDDT - Home Page Displayed 
18:39:47.600 [main] INFO  testCases.TC_003_LoginDDT - Clicked on My Account 
18:39:47.835 [main] INFO  testCases.TC_003_LoginDDT - Clicked on Login 
18:39:47.875 [main] INFO  testCases.TC_003_LoginDDT - Provided Email 
18:39:47.905 [main] INFO  testCases.TC_003_LoginDDT - Provided Password 
18:39:48.152 [main] INFO  testCases.TC_003_LoginDDT - Clicked on Login
18:39:58.214 [main] ERROR testCases.TC_003_LoginDDT - Login Failed 
18:39:58.214 [main] INFO  testCases.TC_003_LoginDDT -  Finished TC_003_LoginDDT 
18:39:58.215 [main] INFO  testCases.TC_003_LoginDDT -  Starting TC_003_LoginDDT 
18:39:58.373 [main] INFO  testCases.TC_003_LoginDDT - Home Page Displayed 
18:39:58.500 [main] FATAL testCases.TC_003_LoginDDT - Login Failed 
18:39:58.501 [main] INFO  testCases.TC_003_LoginDDT -  Starting TC_003_LoginDDT 
18:39:58.706 [main] INFO  testCases.TC_003_LoginDDT - Home Page Displayed 
18:39:58.735 [main] INFO  testCases.TC_003_LoginDDT - Clicked on My Account 
18:39:58.942 [main] INFO  testCases.TC_003_LoginDDT - Clicked on Login 
18:39:58.983 [main] INFO  testCases.TC_003_LoginDDT - Provided Email 
18:39:59.015 [main] INFO  testCases.TC_003_LoginDDT - Provided Password 
18:39:59.214 [main] INFO  testCases.TC_003_LoginDDT - Clicked on Login
18:40:09.262 [main] ERROR testCases.TC_003_LoginDDT - Login Failed 
18:40:09.262 [main] INFO  testCases.TC_003_LoginDDT -  Finished TC_003_LoginDDT 
18:42:29.355 [main] INFO  testCases.TC_001_AccountRegistration - Starting TC_001_AccountRegistration
18:42:30.047 [main] INFO  testCases.TC_001_AccountRegistration - Clicked on My Account 
18:42:30.326 [main] INFO  testCases.TC_001_AccountRegistration - Clicked on Register 
18:42:30.326 [main] INFO  testCases.TC_001_AccountRegistration - Provided Customer details
18:42:30.373 [main] INFO  testCases.TC_001_AccountRegistration - Provided First Name 
18:42:30.409 [main] INFO  testCases.TC_001_AccountRegistration - Provided Last Name 
18:42:30.441 [main] INFO  testCases.TC_001_AccountRegistration - Provided Email 
18:42:30.476 [main] INFO  testCases.TC_001_AccountRegistration - Provided Telephone 
18:42:30.515 [main] INFO  testCases.TC_001_AccountRegistration - Provided Password 
18:42:30.551 [main] INFO  testCases.TC_001_AccountRegistration - Provided Confirmed Password 
18:42:30.582 [main] INFO  testCases.TC_001_AccountRegistration - Set Privacy Policy 
18:42:30.620 [main] INFO  testCases.TC_001_AccountRegistration - Clicked on Continue 
18:42:40.684 [main] ERROR testCases.TC_001_AccountRegistration - Account Registration Failed 
18:42:41.750 [main] INFO  testCases.TC_002_Login - Starting TC_002_Login
18:42:42.224 [main] INFO  testCases.TC_002_Login - Home Page Displayed 
18:42:42.374 [main] INFO  testCases.TC_002_Login - Clicked on My Account 
18:42:42.564 [main] INFO  testCases.TC_002_Login - Clicked on Login 
18:42:42.610 [main] INFO  testCases.TC_002_Login - Provided Email 
18:42:42.645 [main] INFO  testCases.TC_002_Login - Provided Password 
18:42:42.970 [main] INFO  testCases.TC_002_Login - Clicked on Login
18:42:42.996 [main] INFO  testCases.TC_002_Login - Login Success 
18:42:42.996 [main] INFO  testCases.TC_002_Login -  Finished TC_002_Login 
18:42:44.285 [main] INFO  testCases.TC_003_LoginDDT -  Starting TC_003_LoginDDT 
18:42:44.754 [main] INFO  testCases.TC_003_LoginDDT - Home Page Displayed 
18:42:44.965 [main] INFO  testCases.TC_003_LoginDDT - Clicked on My Account 
18:42:45.193 [main] INFO  testCases.TC_003_LoginDDT - Clicked on Login 
18:42:45.236 [main] INFO  testCases.TC_003_LoginDDT - Provided Email 
18:42:45.271 [main] INFO  testCases.TC_003_LoginDDT - Provided Password 
18:42:45.570 [main] INFO  testCases.TC_003_LoginDDT - Clicked on Login
18:42:45.592 [main] INFO  testCases.TC_003_LoginDDT - Login Success 
18:42:45.857 [main] INFO  testCases.TC_003_LoginDDT -  Finished TC_003_LoginDDT 
18:42:45.859 [main] INFO  testCases.TC_003_LoginDDT -  Starting TC_003_LoginDDT 
18:42:46.044 [main] INFO  testCases.TC_003_LoginDDT - Home Page Displayed 
18:42:46.076 [main] INFO  testCases.TC_003_LoginDDT - Clicked on My Account 
18:42:46.270 [main] INFO  testCases.TC_003_LoginDDT - Clicked on Login 
18:42:46.312 [main] INFO  testCases.TC_003_LoginDDT - Provided Email 
18:42:46.341 [main] INFO  testCases.TC_003_LoginDDT - Provided Password 
18:42:46.559 [main] INFO  testCases.TC_003_LoginDDT - Clicked on Login
18:42:56.627 [main] ERROR testCases.TC_003_LoginDDT - Login Failed 
18:42:56.628 [main] INFO  testCases.TC_003_LoginDDT -  Finished TC_003_LoginDDT 
18:42:56.629 [main] INFO  testCases.TC_003_LoginDDT -  Starting TC_003_LoginDDT 
18:42:56.944 [main] INFO  testCases.TC_003_LoginDDT - Home Page Displayed 
18:42:56.982 [main] INFO  testCases.TC_003_LoginDDT - Clicked on My Account 
18:42:57.230 [main] INFO  testCases.TC_003_LoginDDT - Clicked on Login 
18:42:57.270 [main] INFO  testCases.TC_003_LoginDDT - Provided Email 
18:42:57.303 [main] INFO  testCases.TC_003_LoginDDT - Provided Password 
18:42:57.491 [main] INFO  testCases.TC_003_LoginDDT - Clicked on Login
18:43:07.541 [main] ERROR testCases.TC_003_LoginDDT - Login Failed 
18:43:07.541 [main] INFO  testCases.TC_003_LoginDDT -  Finished TC_003_LoginDDT 
18:43:07.542 [main] INFO  testCases.TC_003_LoginDDT -  Starting TC_003_LoginDDT 
18:43:07.757 [main] INFO  testCases.TC_003_LoginDDT - Home Page Displayed 
18:43:07.790 [main] INFO  testCases.TC_003_LoginDDT - Clicked on My Account 
18:43:07.989 [main] INFO  testCases.TC_003_LoginDDT - Clicked on Login 
18:43:08.024 [main] INFO  testCases.TC_003_LoginDDT - Provided Email 
18:43:08.052 [main] INFO  testCases.TC_003_LoginDDT - Provided Password 
18:43:08.236 [main] INFO  testCases.TC_003_LoginDDT - Clicked on Login
18:43:18.280 [main] ERROR testCases.TC_003_LoginDDT - Login Failed 
18:43:18.280 [main] INFO  testCases.TC_003_LoginDDT -  Finished TC_003_LoginDDT 
18:49:15.936 [main] INFO  testCases.TC_001_AccountRegistration - Starting TC_001_AccountRegistration
18:49:16.699 [main] INFO  testCases.TC_001_AccountRegistration - Clicked on My Account 
18:49:16.941 [main] INFO  testCases.TC_001_AccountRegistration - Clicked on Register 
18:49:16.941 [main] INFO  testCases.TC_001_AccountRegistration - Provided Customer details
18:49:16.988 [main] INFO  testCases.TC_001_AccountRegistration - Provided First Name 
18:49:17.023 [main] INFO  testCases.TC_001_AccountRegistration - Provided Last Name 
18:49:17.054 [main] INFO  testCases.TC_001_AccountRegistration - Provided Email 
18:49:17.088 [main] INFO  testCases.TC_001_AccountRegistration - Provided Telephone 
18:49:17.123 [main] INFO  testCases.TC_001_AccountRegistration - Provided Password 
18:49:17.156 [main] INFO  testCases.TC_001_AccountRegistration - Provided Confirmed Password 
18:49:17.184 [main] INFO  testCases.TC_001_AccountRegistration - Set Privacy Policy 
18:49:17.221 [main] INFO  testCases.TC_001_AccountRegistration - Clicked on Continue 
18:49:27.240 [main] ERROR testCases.TC_001_AccountRegistration - Account Registration Failed 
18:49:32.211 [main] INFO  testCases.TC_002_Login - Starting TC_002_Login
18:49:32.685 [main] INFO  testCases.TC_002_Login - Home Page Displayed 
18:49:32.839 [main] INFO  testCases.TC_002_Login - Clicked on My Account 
18:49:33.034 [main] INFO  testCases.TC_002_Login - Clicked on Login 
18:49:33.080 [main] INFO  testCases.TC_002_Login - Provided Email 
18:49:33.114 [main] INFO  testCases.TC_002_Login - Provided Password 
18:49:33.368 [main] INFO  testCases.TC_002_Login - Clicked on Login
18:49:33.394 [main] INFO  testCases.TC_002_Login - Login Success 
18:49:33.394 [main] INFO  testCases.TC_002_Login -  Finished TC_002_Login 
18:49:59.881 [main] INFO  testCases.TC_002_Login - Starting TC_002_Login
18:50:00.322 [main] INFO  testCases.TC_002_Login - Home Page Displayed 
18:50:00.479 [main] INFO  testCases.TC_002_Login - Clicked on My Account 
18:50:00.680 [main] INFO  testCases.TC_002_Login - Clicked on Login 
18:50:00.726 [main] INFO  testCases.TC_002_Login - Provided Email 
18:50:00.761 [main] INFO  testCases.TC_002_Login - Provided Password 
18:50:01.011 [main] INFO  testCases.TC_002_Login - Clicked on Login
18:50:01.042 [main] INFO  testCases.TC_002_Login - Login Success 
18:50:01.043 [main] INFO  testCases.TC_002_Login -  Finished TC_002_Login 
18:50:59.644 [main] INFO  testCases.TC_001_AccountRegistration - Starting TC_001_AccountRegistration
18:51:00.270 [main] INFO  testCases.TC_001_AccountRegistration - Clicked on My Account 
18:51:00.537 [main] INFO  testCases.TC_001_AccountRegistration - Clicked on Register 
18:51:00.537 [main] INFO  testCases.TC_001_AccountRegistration - Provided Customer details
18:51:00.581 [main] INFO  testCases.TC_001_AccountRegistration - Provided First Name 
18:51:00.618 [main] INFO  testCases.TC_001_AccountRegistration - Provided Last Name 
18:51:00.652 [main] INFO  testCases.TC_001_AccountRegistration - Provided Email 
18:51:00.688 [main] INFO  testCases.TC_001_AccountRegistration - Provided Telephone 
18:51:00.726 [main] INFO  testCases.TC_001_AccountRegistration - Provided Password 
18:51:00.761 [main] INFO  testCases.TC_001_AccountRegistration - Provided Confirmed Password 
18:51:00.793 [main] INFO  testCases.TC_001_AccountRegistration - Set Privacy Policy 
18:51:00.831 [main] INFO  testCases.TC_001_AccountRegistration - Clicked on Continue 
18:51:10.890 [main] ERROR testCases.TC_001_AccountRegistration - Account Registration Failed 
18:51:11.820 [main] INFO  testCases.TC_002_Login - Starting TC_002_Login
18:51:12.215 [main] INFO  testCases.TC_002_Login - Home Page Displayed 
18:51:12.431 [main] INFO  testCases.TC_002_Login - Clicked on My Account 
18:51:12.619 [main] INFO  testCases.TC_002_Login - Clicked on Login 
18:51:12.666 [main] INFO  testCases.TC_002_Login - Provided Email 
18:51:12.699 [main] INFO  testCases.TC_002_Login - Provided Password 
18:51:12.955 [main] INFO  testCases.TC_002_Login - Clicked on Login
18:51:12.981 [main] INFO  testCases.TC_002_Login - Login Success 
18:51:12.981 [main] INFO  testCases.TC_002_Login -  Finished TC_002_Login 
18:51:14.310 [main] INFO  testCases.TC_003_LoginDDT -  Starting TC_003_LoginDDT 
18:51:14.680 [main] INFO  testCases.TC_003_LoginDDT - Home Page Displayed 
18:51:14.839 [main] INFO  testCases.TC_003_LoginDDT - Clicked on My Account 
18:51:15.039 [main] INFO  testCases.TC_003_LoginDDT - Clicked on Login 
18:51:15.083 [main] INFO  testCases.TC_003_LoginDDT - Provided Email 
18:51:15.118 [main] INFO  testCases.TC_003_LoginDDT - Provided Password 
18:51:15.369 [main] INFO  testCases.TC_003_LoginDDT - Clicked on Login
18:51:15.390 [main] INFO  testCases.TC_003_LoginDDT - Login Success 
18:51:15.655 [main] INFO  testCases.TC_003_LoginDDT -  Finished TC_003_LoginDDT 
18:51:15.657 [main] INFO  testCases.TC_003_LoginDDT -  Starting TC_003_LoginDDT 
18:51:15.823 [main] INFO  testCases.TC_003_LoginDDT - Home Page Displayed 
18:51:15.854 [main] INFO  testCases.TC_003_LoginDDT - Clicked on My Account 
18:51:16.031 [main] INFO  testCases.TC_003_LoginDDT - Clicked on Login 
18:51:16.072 [main] INFO  testCases.TC_003_LoginDDT - Provided Email 
18:51:16.103 [main] INFO  testCases.TC_003_LoginDDT - Provided Password 
18:51:16.328 [main] INFO  testCases.TC_003_LoginDDT - Clicked on Login
18:51:26.382 [main] ERROR testCases.TC_003_LoginDDT - Login Failed 
18:51:26.382 [main] INFO  testCases.TC_003_LoginDDT -  Finished TC_003_LoginDDT 
18:51:26.383 [main] INFO  testCases.TC_003_LoginDDT -  Starting TC_003_LoginDDT 
18:51:26.574 [main] INFO  testCases.TC_003_LoginDDT - Home Page Displayed 
18:51:26.606 [main] INFO  testCases.TC_003_LoginDDT - Clicked on My Account 
18:51:26.801 [main] INFO  testCases.TC_003_LoginDDT - Clicked on Login 
18:51:26.842 [main] INFO  testCases.TC_003_LoginDDT - Provided Email 
18:51:26.876 [main] INFO  testCases.TC_003_LoginDDT - Provided Password 
18:51:27.106 [main] INFO  testCases.TC_003_LoginDDT - Clicked on Login
18:51:37.152 [main] ERROR testCases.TC_003_LoginDDT - Login Failed 
18:51:37.152 [main] INFO  testCases.TC_003_LoginDDT -  Finished TC_003_LoginDDT 
18:51:37.154 [main] INFO  testCases.TC_003_LoginDDT -  Starting TC_003_LoginDDT 
18:51:37.448 [main] INFO  testCases.TC_003_LoginDDT - Home Page Displayed 
18:51:37.484 [main] INFO  testCases.TC_003_LoginDDT - Clicked on My Account 
18:51:37.694 [main] INFO  testCases.TC_003_LoginDDT - Clicked on Login 
18:51:37.732 [main] INFO  testCases.TC_003_LoginDDT - Provided Email 
18:51:37.761 [main] INFO  testCases.TC_003_LoginDDT - Provided Password 
18:51:37.961 [main] INFO  testCases.TC_003_LoginDDT - Clicked on Login
18:51:48.024 [main] ERROR testCases.TC_003_LoginDDT - Login Failed 
18:51:48.024 [main] INFO  testCases.TC_003_LoginDDT -  Finished TC_003_LoginDDT 
19:07:03.714 [main] INFO  testCases.TC_001_AccountRegistration - Starting TC_001_AccountRegistration
19:07:05.310 [main] INFO  testCases.TC_001_AccountRegistration - Clicked on My Account 
19:07:06.091 [main] INFO  testCases.TC_001_AccountRegistration - Clicked on Register 
19:07:06.092 [main] INFO  testCases.TC_001_AccountRegistration - Provided Customer details
19:07:06.218 [main] INFO  testCases.TC_001_AccountRegistration - Provided First Name 
19:07:06.313 [main] INFO  testCases.TC_001_AccountRegistration - Provided Last Name 
19:07:06.395 [main] INFO  testCases.TC_001_AccountRegistration - Provided Email 
19:07:06.476 [main] INFO  testCases.TC_001_AccountRegistration - Provided Telephone 
19:07:06.568 [main] INFO  testCases.TC_001_AccountRegistration - Provided Password 
19:07:06.680 [main] INFO  testCases.TC_001_AccountRegistration - Provided Confirmed Password 
19:07:06.771 [main] INFO  testCases.TC_001_AccountRegistration - Set Privacy Policy 
19:07:06.873 [main] INFO  testCases.TC_001_AccountRegistration - Clicked on Continue 
19:07:15.476 [main] ERROR testCases.TC_001_AccountRegistration - Account Registration Failed 
19:46:47.257 [main] INFO  testCases.TC_001_AccountRegistration - Starting TC_001_AccountRegistration
19:46:49.179 [main] INFO  testCases.TC_001_AccountRegistration - Clicked on My Account 
19:46:50.081 [main] INFO  testCases.TC_001_AccountRegistration - Clicked on Register 
19:46:50.081 [main] INFO  testCases.TC_001_AccountRegistration - Provided Customer details
19:46:50.204 [main] INFO  testCases.TC_001_AccountRegistration - Provided First Name 
19:46:50.282 [main] INFO  testCases.TC_001_AccountRegistration - Provided Last Name 
19:46:50.359 [main] INFO  testCases.TC_001_AccountRegistration - Provided Email 
19:46:50.455 [main] INFO  testCases.TC_001_AccountRegistration - Provided Telephone 
19:46:50.576 [main] INFO  testCases.TC_001_AccountRegistration - Provided Password 
19:46:50.696 [main] INFO  testCases.TC_001_AccountRegistration - Provided Confirmed Password 
19:46:50.798 [main] INFO  testCases.TC_001_AccountRegistration - Set Privacy Policy 
19:46:50.927 [main] INFO  testCases.TC_001_AccountRegistration - Clicked on Continue 
19:47:00.975 [main] ERROR testCases.TC_001_AccountRegistration - Account Registration Failed 
19:47:02.625 [main] INFO  testCases.TC_002_Login - Starting TC_002_Login
19:47:03.723 [main] INFO  testCases.TC_002_Login - Home Page Displayed 
19:47:04.082 [main] INFO  testCases.TC_002_Login - Clicked on My Account 
19:47:04.780 [main] INFO  testCases.TC_002_Login - Clicked on Login 
19:47:04.857 [main] INFO  testCases.TC_002_Login - Provided Email 
19:47:04.913 [main] INFO  testCases.TC_002_Login - Provided Password 
19:47:05.806 [main] INFO  testCases.TC_002_Login - Clicked on Login
19:47:05.844 [main] INFO  testCases.TC_002_Login - Login Success 
19:47:05.844 [main] INFO  testCases.TC_002_Login -  Finished TC_002_Login 
19:47:07.798 [main] INFO  testCases.TC_003_LoginDDT -  Starting TC_003_LoginDDT 
19:47:08.744 [main] INFO  testCases.TC_003_LoginDDT - Home Page Displayed 
19:47:09.114 [main] INFO  testCases.TC_003_LoginDDT - Clicked on My Account 
19:47:09.924 [main] INFO  testCases.TC_003_LoginDDT - Clicked on Login 
19:47:10.003 [main] INFO  testCases.TC_003_LoginDDT - Provided Email 
19:47:10.059 [main] INFO  testCases.TC_003_LoginDDT - Provided Password 
19:47:10.923 [main] INFO  testCases.TC_003_LoginDDT - Clicked on Login
19:47:10.958 [main] INFO  testCases.TC_003_LoginDDT - Login Success 
19:47:11.787 [main] INFO  testCases.TC_003_LoginDDT -  Finished TC_003_LoginDDT 
19:47:11.791 [main] INFO  testCases.TC_003_LoginDDT -  Starting TC_003_LoginDDT 
19:47:12.490 [main] INFO  testCases.TC_003_LoginDDT - Home Page Displayed 
19:47:12.538 [main] INFO  testCases.TC_003_LoginDDT - Clicked on My Account 
19:47:13.241 [main] INFO  testCases.TC_003_LoginDDT - Clicked on Login 
19:47:13.305 [main] INFO  testCases.TC_003_LoginDDT - Provided Email 
19:47:13.353 [main] INFO  testCases.TC_003_LoginDDT - Provided Password 
19:47:14.022 [main] INFO  testCases.TC_003_LoginDDT - Clicked on Login
19:47:24.084 [main] ERROR testCases.TC_003_LoginDDT - Login Failed 
19:47:24.085 [main] INFO  testCases.TC_003_LoginDDT -  Finished TC_003_LoginDDT 
19:47:24.086 [main] INFO  testCases.TC_003_LoginDDT -  Starting TC_003_LoginDDT 
19:47:24.794 [main] INFO  testCases.TC_003_LoginDDT - Home Page Displayed 
19:47:24.836 [main] INFO  testCases.TC_003_LoginDDT - Clicked on My Account 
19:47:25.466 [main] INFO  testCases.TC_003_LoginDDT - Clicked on Login 
19:47:25.531 [main] INFO  testCases.TC_003_LoginDDT - Provided Email 
19:47:25.578 [main] INFO  testCases.TC_003_LoginDDT - Provided Password 
19:47:26.254 [main] INFO  testCases.TC_003_LoginDDT - Clicked on Login
19:47:36.279 [main] ERROR testCases.TC_003_LoginDDT - Login Failed 
19:47:36.279 [main] INFO  testCases.TC_003_LoginDDT -  Finished TC_003_LoginDDT 
19:47:36.282 [main] INFO  testCases.TC_003_LoginDDT -  Starting TC_003_LoginDDT 
19:47:37.101 [main] INFO  testCases.TC_003_LoginDDT - Home Page Displayed 
19:47:37.145 [main] INFO  testCases.TC_003_LoginDDT - Clicked on My Account 
19:47:37.849 [main] INFO  testCases.TC_003_LoginDDT - Clicked on Login 
