20:24:41.125 [main] INFO  testCases.TC_005_Addcart - Home Page Displayed 
20:24:44.372 [main] INFO  testCases.TC_005_Addcart - Enter any Product
20:24:47.815 [main] INFO  testCases.TC_005_Addcart - product displayed on HomePage
20:24:47.867 [main] INFO  testCases.TC_005_Addcart - product added to cart
20:24:52.882 [main] INFO  testCases.TC_005_Addcart - product added to viewcart
20:24:52.911 [main] INFO  testCases.TC_005_Addcart - Search page is Success 
20:24:52.911 [main] INFO  testCases.TC_005_Addcart - Finished TC_005_Addcart
20:26:17.273 [main] INFO  testCases.TC_001_AccountRegistration - Starting TC_001_AccountRegistration
20:26:18.051 [main] INFO  testCases.TC_001_AccountRegistration - Clicked on My Account 
20:26:18.374 [main] INFO  testCases.TC_001_AccountRegistration - Clicked on Register 
20:26:18.374 [main] INFO  testCases.TC_001_AccountRegistration - Provided Customer details
20:26:18.456 [main] INFO  testCases.TC_001_AccountRegistration - Provided First Name 
20:26:18.533 [main] INFO  testCases.TC_001_AccountRegistration - Provided Last Name 
20:26:18.606 [main] INFO  testCases.TC_001_AccountRegistration - Provided Email 
20:26:18.672 [main] INFO  testCases.TC_001_AccountRegistration - Provided Telephone 
20:26:18.724 [main] INFO  testCases.TC_001_AccountRegistration - Provided Password 
20:26:18.774 [main] INFO  testCases.TC_001_AccountRegistration - Provided Confirmed Password 
20:26:18.814 [main] INFO  testCases.TC_001_AccountRegistration - Set Privacy Policy 
20:26:21.170 [main] INFO  testCases.TC_001_AccountRegistration - Clicked on Continue 
20:26:21.203 [main] INFO  testCases.TC_001_AccountRegistration - Account Registration Success 
20:26:21.207 [main] INFO  testCases.TC_001_AccountRegistration -  Finished TC_001_AccountRegistration 
20:26:22.339 [main] INFO  testCases.TC_002_Login - Starting TC_002_Login
20:26:22.792 [main] INFO  testCases.TC_002_Login - Home Page Displayed 
20:26:22.964 [main] INFO  testCases.TC_002_Login - Clicked on My Account 
20:26:23.269 [main] INFO  testCases.TC_002_Login - Clicked on Login 
20:26:23.341 [main] INFO  testCases.TC_002_Login - Provided Email 
20:26:23.397 [main] INFO  testCases.TC_002_Login - Provided Password 
20:26:23.684 [main] INFO  testCases.TC_002_Login - Clicked on Login
20:26:23.721 [main] INFO  testCases.TC_002_Login - Login Success 
20:26:23.721 [main] INFO  testCases.TC_002_Login -  Finished TC_002_Login 
20:26:24.831 [main] INFO  testCases.TC_004_Search -  Starting TC_004_Search 
20:26:25.378 [main] INFO  testCases.TC_004_Search - Home Page Displayed 
20:26:27.605 [main] INFO  testCases.TC_004_Search - Enter any Product
20:26:39.103 [main] ERROR testCases.TC_004_Search - Search Success 
20:26:39.232 [main] INFO  testCases.TC_004_Search -  Finished TC_004Search 
20:26:40.497 [main] INFO  testCases.TC_005_Addcart - Starting TC_005_Addcart
20:26:40.979 [main] INFO  testCases.TC_005_Addcart - Home Page Displayed 
20:26:44.177 [main] INFO  testCases.TC_005_Addcart - Enter any Product
20:26:47.607 [main] INFO  testCases.TC_005_Addcart - product displayed on HomePage
20:26:47.663 [main] INFO  testCases.TC_005_Addcart - product added to cart
20:26:52.676 [main] INFO  testCases.TC_005_Addcart - product added to viewcart
20:26:52.711 [main] INFO  testCases.TC_005_Addcart - Search page is Success 
20:26:52.711 [main] INFO  testCases.TC_005_Addcart - Finished TC_005_Addcart
20:34:43.966 [main] INFO  testCases.TC_001_AccountRegistration - Starting TC_001_AccountRegistration
20:34:44.814 [main] INFO  testCases.TC_001_AccountRegistration - Clicked on My Account 
20:34:45.130 [main] INFO  testCases.TC_001_AccountRegistration - Clicked on Register 
20:34:45.131 [main] INFO  testCases.TC_001_AccountRegistration - Provided Customer details
20:34:45.206 [main] INFO  testCases.TC_001_AccountRegistration - Provided First Name 
20:34:45.269 [main] INFO  testCases.TC_001_AccountRegistration - Provided Last Name 
20:34:45.344 [main] INFO  testCases.TC_001_AccountRegistration - Provided Email 
20:34:45.405 [main] INFO  testCases.TC_001_AccountRegistration - Provided Telephone 
20:34:45.473 [main] INFO  testCases.TC_001_AccountRegistration - Provided Password 
20:34:45.538 [main] INFO  testCases.TC_001_AccountRegistration - Provided Confirmed Password 
20:34:45.589 [main] INFO  testCases.TC_001_AccountRegistration - Set Privacy Policy 
20:34:48.030 [main] INFO  testCases.TC_001_AccountRegistration - Clicked on Continue 
20:34:48.066 [main] INFO  testCases.TC_001_AccountRegistration - Account Registration Success 
20:34:48.069 [main] INFO  testCases.TC_001_AccountRegistration -  Finished TC_001_AccountRegistration 
20:34:49.190 [main] INFO  testCases.TC_002_Login - Starting TC_002_Login
20:34:49.668 [main] INFO  testCases.TC_002_Login - Home Page Displayed 
20:34:49.994 [main] INFO  testCases.TC_002_Login - Clicked on My Account 
20:34:50.255 [main] INFO  testCases.TC_002_Login - Clicked on Login 
20:34:50.327 [main] INFO  testCases.TC_002_Login - Provided Email 
20:34:50.384 [main] INFO  testCases.TC_002_Login - Provided Password 
20:34:50.637 [main] INFO  testCases.TC_002_Login - Clicked on Login
20:34:50.680 [main] INFO  testCases.TC_002_Login - Login Success 
20:34:50.681 [main] INFO  testCases.TC_002_Login -  Finished TC_002_Login 
20:34:51.711 [main] INFO  testCases.TC_004_Search -  Starting TC_004_Search 
20:34:52.212 [main] INFO  testCases.TC_004_Search - Home Page Displayed 
20:34:54.424 [main] INFO  testCases.TC_004_Search - Enter any Product
20:35:05.913 [main] ERROR testCases.TC_004_Search - Search Success 
20:35:06.047 [main] INFO  testCases.TC_004_Search -  Finished TC_004Search 
20:35:07.153 [main] INFO  testCases.TC_005_Addcart - Starting TC_005_Addcart
20:35:07.598 [main] INFO  testCases.TC_005_Addcart - Home Page Displayed 
20:35:10.802 [main] INFO  testCases.TC_005_Addcart - Enter any Product
20:35:14.223 [main] INFO  testCases.TC_005_Addcart - product displayed on HomePage
20:35:14.272 [main] INFO  testCases.TC_005_Addcart - product added to cart
20:35:19.296 [main] INFO  testCases.TC_005_Addcart - product added to viewcart
20:35:19.372 [main] FATAL testCases.TC_005_Addcart - Add cart  Failed
20:36:35.130 [main] INFO  testCases.TC_004_Search -  Starting TC_004_Search 
20:36:35.598 [main] INFO  testCases.TC_004_Search - Home Page Displayed 
20:36:37.827 [main] INFO  testCases.TC_004_Search - Enter any Product
20:36:49.279 [main] ERROR testCases.TC_004_Search - Search Success 
20:36:49.455 [main] INFO  testCases.TC_004_Search -  Finished TC_004Search 
20:36:50.619 [main] INFO  testCases.TC_005_Addcart - Starting TC_005_Addcart
20:36:51.029 [main] INFO  testCases.TC_005_Addcart - Home Page Displayed 
20:36:54.227 [main] INFO  testCases.TC_005_Addcart - Enter any Product
20:36:57.702 [main] INFO  testCases.TC_005_Addcart - product displayed on HomePage
20:36:57.760 [main] INFO  testCases.TC_005_Addcart - product added to cart
20:37:02.772 [main] INFO  testCases.TC_005_Addcart - product added to viewcart
20:37:02.800 [main] INFO  testCases.TC_005_Addcart - Search page is Success 
20:37:02.800 [main] INFO  testCases.TC_005_Addcart - Finished TC_005_Addcart
20:49:16.346 [main] INFO  testCases.TC_004_Search -  Starting TC_004_Search 
20:49:16.926 [main] INFO  testCases.TC_004_Search - Home Page Displayed 
20:49:19.168 [main] INFO  testCases.TC_004_Search - Enter any Product
20:49:30.695 [main] ERROR testCases.TC_004_Search - Search Success 
20:49:30.878 [main] INFO  testCases.TC_004_Search -  Finished TC_004Search 
20:49:32.025 [main] INFO  testCases.TC_005_Addcart - Starting TC_005_Addcart
20:49:32.574 [main] INFO  testCases.TC_005_Addcart - Home Page Displayed 
20:49:35.775 [main] INFO  testCases.TC_005_Addcart - Enter any Product
20:49:39.184 [main] INFO  testCases.TC_005_Addcart - product displayed on HomePage
20:49:39.238 [main] INFO  testCases.TC_005_Addcart - product added to cart
20:49:44.256 [main] INFO  testCases.TC_005_Addcart - product added to viewcart
20:49:44.304 [main] INFO  testCases.TC_005_Addcart - Search page is Success 
20:49:44.305 [main] INFO  testCases.TC_005_Addcart - Finished TC_005_Addcart
20:49:45.397 [main] INFO  testCases.TC_009_ForgotPassword - Starting TC_009_ForgotPassword
20:49:46.017 [main] INFO  testCases.TC_009_ForgotPassword - Home Page Displayed 
20:49:46.189 [main] INFO  testCases.TC_009_ForgotPassword - Clicked on My Account 
20:49:46.475 [main] INFO  testCases.TC_009_ForgotPassword - Clicked on Login 
20:49:46.546 [main] INFO  testCases.TC_009_ForgotPassword - Provided Email 
20:49:49.901 [main] INFO  testCases.TC_009_ForgotPassword - Provided confirmation email
20:49:52.158 [main] INFO  testCases.TC_009_ForgotPassword - Finished TC_009_ForgotPassword
20:53:48.777 [main] INFO  testCases.TC_004_Search -  Starting TC_004_Search 
20:53:49.447 [main] INFO  testCases.TC_004_Search - Home Page Displayed 
20:53:51.675 [main] INFO  testCases.TC_004_Search - Enter any Product
20:54:03.165 [main] ERROR testCases.TC_004_Search - Search Success 
20:54:03.372 [main] INFO  testCases.TC_004_Search -  Finished TC_004Search 
20:54:04.534 [main] INFO  testCases.TC_005_Addcart - Starting TC_005_Addcart
20:54:04.983 [main] INFO  testCases.TC_005_Addcart - Home Page Displayed 
20:54:08.188 [main] INFO  testCases.TC_005_Addcart - Enter any Product
20:54:11.590 [main] INFO  testCases.TC_005_Addcart - product displayed on HomePage
20:54:11.644 [main] INFO  testCases.TC_005_Addcart - product added to cart
20:54:16.663 [main] INFO  testCases.TC_005_Addcart - product added to viewcart
20:54:16.704 [main] INFO  testCases.TC_005_Addcart - Search page is Success 
20:54:16.704 [main] INFO  testCases.TC_005_Addcart - Finished TC_005_Addcart
20:54:17.756 [main] INFO  testCases.TC_009_ForgotPassword - Starting TC_009_ForgotPassword
20:54:18.163 [main] INFO  testCases.TC_009_ForgotPassword - Home Page Displayed 
20:54:18.472 [main] INFO  testCases.TC_009_ForgotPassword - Clicked on My Account 
20:54:18.798 [main] INFO  testCases.TC_009_ForgotPassword - Clicked on Login 
20:54:18.858 [main] INFO  testCases.TC_009_ForgotPassword - Provided Email 
20:54:22.156 [main] INFO  testCases.TC_009_ForgotPassword - Provided confirmation email
20:54:24.411 [main] INFO  testCases.TC_009_ForgotPassword - Finished TC_009_ForgotPassword
20:54:28.510 [main] INFO  testCases.TC_006_ProductCompare - Strating TC_006_ProductCompare
20:54:29.082 [main] INFO  testCases.TC_006_ProductCompare - Home Page Displayed 
20:54:32.293 [main] INFO  testCases.TC_006_ProductCompare - Enter any Product
20:54:35.740 [main] INFO  testCases.TC_006_ProductCompare - product displayed on HomePage
20:54:38.799 [main] INFO  testCases.TC_006_ProductCompare - products comparing
